1640352548866	geckodriver	INFO	Listening on 127.0.0.1:35311
1640352548869	mozrunner::runner	INFO	Running command: "/usr/bin/firefox" "--marionette" "--remote-debugging-port" "37969" "-no-remote" "-profile" "/tmp/rust_mozprofileE9U76m"
ATTENTION: default value of option mesa_glthread overridden by environment.
ATTENTION: default value of option mesa_glthread overridden by environment.
ATTENTION: default value of option mesa_glthread overridden by environment.
ATTENTION: default value of option mesa_glthread overridden by environment.
1640352549871	Marionette	INFO	Marionette enabled
console.warn: SearchSettings: "get: No settings file exists, new profile?" (new NotFoundError("Could not open the file at /tmp/rust_mozprofileE9U76m/search.json.mozlz4", (void 0)))
DevTools listening on ws://localhost:37969/devtools/browser/9fdff403-fc97-4102-af17-035b6818172f
1640352551291	Marionette	INFO	Listening on port 34113
1640352551415	RemoteAgent	WARN	TLS certificate errors will be ignored for this session
JavaScript warning: https://a0.muscache.com/airbnb/static/packages/web/common/frontend/hyperloop-browser/core.752ee206f2.js, line 28: unreachable code after return statement
Exiting due to channel error.
Exiting due to channel error.
Exiting due to channel error.
1640352593574	geckodriver	INFO	Listening on 127.0.0.1:37105
1640352594080	mozrunner::runner	INFO	Running command: "/usr/bin/firefox" "--marionette" "--remote-debugging-port" "38027" "-no-remote" "-profile" "/tmp/rust_mozprofileGGnArG"
ATTENTION: default value of option mesa_glthread overridden by environment.
ATTENTION: default value of option mesa_glthread overridden by environment.
ATTENTION: default value of option mesa_glthread overridden by environment.
ATTENTION: default value of option mesa_glthread overridden by environment.
1640352594939	Marionette	INFO	Marionette enabled
console.warn: SearchSettings: "get: No settings file exists, new profile?" (new NotFoundError("Could not open the file at /tmp/rust_mozprofileGGnArG/search.json.mozlz4", (void 0)))
DevTools listening on ws://localhost:38027/devtools/browser/dc501bae-fba0-4d3a-a582-eb647a06ff08
1640352596124	Marionette	INFO	Listening on port 45073
1640352596206	RemoteAgent	WARN	TLS certificate errors will be ignored for this session
1640352599075	Marionette	INFO	Stopped listening on port 45073
console.warn: TopSitesFeed: Failed to fetch data from Contile server: NetworkError when attempting to fetch resource.
JavaScript error: chrome://remote/content/marionette/cert.js, line 55: NS_ERROR_NOT_AVAILABLE: Component returned failure code: 0x80040111 (NS_ERROR_NOT_AVAILABLE) [nsICertOverrideService.setDisableAllSecurityChecksAndLetAttackersInterceptMyData]

###!!! [Child][MessageChannel] Error: (msgtype=0x5B0007,name=PHttpChannel::Msg_RemoveCorsPreflightCacheEntry) Channel closing: too late to send/recv, messages will be lost


###!!! [Child][MessageChannel] Error: (msgtype=0x5B0004,name=PHttpChannel::Msg_Cancel) Channel closing: too late to send/recv, messages will be lost


###!!! [Child][MessageChannel] Error: (msgtype=0x5B0008,name=PHttpChannel::Msg_DeletingChannel) Channel closing: too late to send/recv, messages will be lost


###!!! [Child][RunMessage] Error: Channel closing: too late to send/recv, messages will be lost


###!!! [Child][MessageChannel] Error: (msgtype=0x390143,name=PContent::Msg_ScriptError) Channel closing: too late to send/recv, messages will be lost


###!!! [Child][RunMessage] Error: Channel closing: too late to send/recv, messages will be lost


###!!! [Child][RunMessage] Error: Channel closing: too late to send/recv, messages will be lost


###!!! [Child][RunMessage] Error: Channel closing: too late to send/recv, messages will be lost


###!!! [Child][RunMessage] Error: Channel closing: too late to send/recv, messages will be lost


###!!! [Child][RunMessage] Error: Channel closing: too late to send/recv, messages will be lost

1640352759593	geckodriver	INFO	Listening on 127.0.0.1:44947
1640352759596	mozrunner::runner	INFO	Running command: "/usr/bin/firefox" "--marionette" "--remote-debugging-port" "36491" "-no-remote" "-profile" "/tmp/rust_mozprofilemU5p06"
ATTENTION: default value of option mesa_glthread overridden by environment.
ATTENTION: default value of option mesa_glthread overridden by environment.
ATTENTION: default value of option mesa_glthread overridden by environment.
ATTENTION: default value of option mesa_glthread overridden by environment.
1640352760419	Marionette	INFO	Marionette enabled
console.warn: SearchSettings: "get: No settings file exists, new profile?" (new NotFoundError("Could not open the file at /tmp/rust_mozprofilemU5p06/search.json.mozlz4", (void 0)))
DevTools listening on ws://localhost:36491/devtools/browser/767c4991-df0d-46a2-b07a-23fc957171ec
1640352761786	Marionette	INFO	Listening on port 38095
1640352761825	RemoteAgent	WARN	TLS certificate errors will be ignored for this session
JavaScript warning: https://a0.muscache.com/airbnb/static/packages/web/common/frontend/hyperloop-browser/core.752ee206f2.js, line 28: unreachable code after return statement
1640352850738	geckodriver	INFO	Listening on 127.0.0.1:34007
1640352850752	mozrunner::runner	INFO	Running command: "/usr/bin/firefox" "--marionette" "--remote-debugging-port" "47519" "-no-remote" "-profile" "/tmp/rust_mozprofile3sNvv3"
ATTENTION: default value of option mesa_glthread overridden by environment.
ATTENTION: default value of option mesa_glthread overridden by environment.
ATTENTION: default value of option mesa_glthread overridden by environment.
ATTENTION: default value of option mesa_glthread overridden by environment.
1640352851755	Marionette	INFO	Marionette enabled
console.warn: SearchSettings: "get: No settings file exists, new profile?" (new NotFoundError("Could not open the file at /tmp/rust_mozprofile3sNvv3/search.json.mozlz4", (void 0)))
DevTools listening on ws://localhost:47519/devtools/browser/8eb28553-df4e-4522-a9cc-06f26bf5ee2e
1640352853136	Marionette	INFO	Listening on port 45301
1640352853190	RemoteAgent	WARN	TLS certificate errors will be ignored for this session
JavaScript warning: https://a0.muscache.com/airbnb/static/packages/web/common/frontend/hyperloop-browser/core.752ee206f2.js, line 28: unreachable code after return statement
1640352900566	geckodriver	INFO	Listening on 127.0.0.1:38469
1640352900577	mozrunner::runner	INFO	Running command: "/usr/bin/firefox" "--marionette" "--remote-debugging-port" "34469" "-no-remote" "-profile" "/tmp/rust_mozprofilebtgqZB"
ATTENTION: default value of option mesa_glthread overridden by environment.
ATTENTION: default value of option mesa_glthread overridden by environment.
ATTENTION: default value of option mesa_glthread overridden by environment.
ATTENTION: default value of option mesa_glthread overridden by environment.
1640352901485	Marionette	INFO	Marionette enabled
console.warn: SearchSettings: "get: No settings file exists, new profile?" (new NotFoundError("Could not open the file at /tmp/rust_mozprofilebtgqZB/search.json.mozlz4", (void 0)))
DevTools listening on ws://localhost:34469/devtools/browser/f49afc12-53e6-4c7e-8a01-c1fbae68867d
1640352902965	Marionette	INFO	Listening on port 46211
1640352903000	RemoteAgent	WARN	TLS certificate errors will be ignored for this session
JavaScript warning: https://a0.muscache.com/airbnb/static/packages/web/common/frontend/hyperloop-browser/core.752ee206f2.js, line 28: unreachable code after return statement
1640353023311	Marionette	INFO	Stopped listening on port 46211
1640353024964	Marionette	INFO	Stopped listening on port 45301
console.warn: TopSitesFeed: Failed to fetch data from Contile server: NetworkError when attempting to fetch resource.

###!!! [Parent][RunMessage] Error: Channel closing: too late to send/recv, messages will be lost

1640353026851	Marionette	INFO	Stopped listening on port 38095

###!!! [Child][MessageChannel] Error: (msgtype=0x5B0008,name=PHttpChannel::Msg_DeletingChannel) Channel closing: too late to send/recv, messages will be lost

console.warn: TopSitesFeed: Failed to fetch data from Contile server: NetworkError when attempting to fetch resource.

###!!! [Parent][RunMessage] Error: Channel closing: too late to send/recv, messages will be lost

1640353146050	geckodriver	INFO	Listening on 127.0.0.1:41999
1640353146555	mozrunner::runner	INFO	Running command: "/usr/bin/firefox" "--marionette" "--remote-debugging-port" "56093" "-no-remote" "-profile" "/tmp/rust_mozprofilexsjTpw"
ATTENTION: default value of option mesa_glthread overridden by environment.
ATTENTION: default value of option mesa_glthread overridden by environment.
ATTENTION: default value of option mesa_glthread overridden by environment.
ATTENTION: default value of option mesa_glthread overridden by environment.
1640353147697	Marionette	INFO	Marionette enabled
console.warn: SearchSettings: "get: No settings file exists, new profile?" (new NotFoundError("Could not open the file at /tmp/rust_mozprofilexsjTpw/search.json.mozlz4", (void 0)))
[Parent 9452, IPC I/O Parent] WARNING: FileDescriptorSet destroyed with unconsumed descriptors: file /build/firefox-BVyW0E/firefox-95.0.1+build2/ipc/chromium/src/chrome/common/file_descriptor_set_posix.cc:19
[Parent 9452, IPC I/O Parent] WARNING: FileDescriptorSet destroyed with unconsumed descriptors: file /build/firefox-BVyW0E/firefox-95.0.1+build2/ipc/chromium/src/chrome/common/file_descriptor_set_posix.cc:19
[Parent 9452, IPC I/O Parent] WARNING: FileDescriptorSet destroyed with unconsumed descriptors: file /build/firefox-BVyW0E/firefox-95.0.1+build2/ipc/chromium/src/chrome/common/file_descriptor_set_posix.cc:19
[Parent 9452, IPC I/O Parent] WARNING: FileDescriptorSet destroyed with unconsumed descriptors: file /build/firefox-BVyW0E/firefox-95.0.1+build2/ipc/chromium/src/chrome/common/file_descriptor_set_posix.cc:19
Exiting due to channel error.
Exiting due to channel error.
1640353186918	geckodriver	INFO	Listening on 127.0.0.1:51497
1640353186923	mozrunner::runner	INFO	Running command: "/usr/bin/firefox" "--marionette" "--remote-debugging-port" "41059" "-no-remote" "-profile" "/tmp/rust_mozprofilek3KwjN"
ATTENTION: default value of option mesa_glthread overridden by environment.
ATTENTION: default value of option mesa_glthread overridden by environment.
ATTENTION: default value of option mesa_glthread overridden by environment.
ATTENTION: default value of option mesa_glthread overridden by environment.
1640353188036	Marionette	INFO	Marionette enabled
console.warn: SearchSettings: "get: No settings file exists, new profile?" (new NotFoundError("Could not open the file at /tmp/rust_mozprofilek3KwjN/search.json.mozlz4", (void 0)))
DevTools listening on ws://localhost:41059/devtools/browser/a35901f7-82fb-41e1-b1ba-b90303cb70f7
1640353189607	Marionette	INFO	Listening on port 38251
1640353189648	RemoteAgent	WARN	TLS certificate errors will be ignored for this session
JavaScript warning: https://a0.muscache.com/airbnb/static/packages/web/common/frontend/hyperloop-browser/core.752ee206f2.js, line 28: unreachable code after return statement
1640353234710	geckodriver	INFO	Listening on 127.0.0.1:49797
1640353234721	mozrunner::runner	INFO	Running command: "/usr/bin/firefox" "--marionette" "--remote-debugging-port" "41047" "-no-remote" "-profile" "/tmp/rust_mozprofileT31rR5"
ATTENTION: default value of option mesa_glthread overridden by environment.
ATTENTION: default value of option mesa_glthread overridden by environment.
ATTENTION: default value of option mesa_glthread overridden by environment.
ATTENTION: default value of option mesa_glthread overridden by environment.
1640353235777	Marionette	INFO	Marionette enabled
console.warn: SearchSettings: "get: No settings file exists, new profile?" (new NotFoundError("Could not open the file at /tmp/rust_mozprofileT31rR5/search.json.mozlz4", (void 0)))
DevTools listening on ws://localhost:41047/devtools/browser/045ab231-fa1a-4cd8-a341-328021dc71b2
1640353237125	Marionette	INFO	Listening on port 35455
1640353237192	RemoteAgent	WARN	TLS certificate errors will be ignored for this session
JavaScript warning: https://a0.muscache.com/airbnb/static/packages/web/common/frontend/hyperloop-browser/core.752ee206f2.js, line 28: unreachable code after return statement
1640353357098	geckodriver	INFO	Listening on 127.0.0.1:39151
1640353357110	mozrunner::runner	INFO	Running command: "/usr/bin/firefox" "--marionette" "--remote-debugging-port" "44895" "-no-remote" "-profile" "/tmp/rust_mozprofilefky3xg"
ATTENTION: default value of option mesa_glthread overridden by environment.
ATTENTION: default value of option mesa_glthread overridden by environment.
ATTENTION: default value of option mesa_glthread overridden by environment.
ATTENTION: default value of option mesa_glthread overridden by environment.
1640353358003	Marionette	INFO	Marionette enabled
console.warn: SearchSettings: "get: No settings file exists, new profile?" (new NotFoundError("Could not open the file at /tmp/rust_mozprofilefky3xg/search.json.mozlz4", (void 0)))
DevTools listening on ws://localhost:44895/devtools/browser/5453e9a8-e41b-4809-bed0-d4ee42ee8b4e
1640353359451	Marionette	INFO	Listening on port 42955
1640353359530	RemoteAgent	WARN	TLS certificate errors will be ignored for this session
JavaScript warning: https://a0.muscache.com/airbnb/static/packages/web/common/frontend/hyperloop-browser/core.752ee206f2.js, line 28: unreachable code after return statement
JavaScript warning: https://a0.muscache.com/airbnb/static/packages/web/common/frontend/hyperloop-browser/core.752ee206f2.js, line 28: unreachable code after return statement
JavaScript error: , line 0: uncaught exception: Object
1640353460316	geckodriver	INFO	Listening on 127.0.0.1:48817
1640353460828	mozrunner::runner	INFO	Running command: "/usr/bin/firefox" "--marionette" "--remote-debugging-port" "59523" "-no-remote" "-profile" "/tmp/rust_mozprofileeK7kBS"
ATTENTION: default value of option mesa_glthread overridden by environment.
ATTENTION: default value of option mesa_glthread overridden by environment.
ATTENTION: default value of option mesa_glthread overridden by environment.
ATTENTION: default value of option mesa_glthread overridden by environment.
1640353461796	Marionette	INFO	Marionette enabled
console.warn: SearchSettings: "get: No settings file exists, new profile?" (new NotFoundError("Could not open the file at /tmp/rust_mozprofileeK7kBS/search.json.mozlz4", (void 0)))
DevTools listening on ws://localhost:59523/devtools/browser/374f6810-2d3e-4103-ad7f-62a8dbc72a5f
1640353463276	Marionette	INFO	Listening on port 36731
1640353463356	RemoteAgent	WARN	TLS certificate errors will be ignored for this session
JavaScript warning: https://a0.muscache.com/airbnb/static/packages/web/common/frontend/hyperloop-browser/core.752ee206f2.js, line 28: unreachable code after return statement
JavaScript error: resource://devtools/server/actors/network-monitor/network-event-actor.js, line 110: Error: Got a request https://www.gstatic.com/recaptcha/releases/VZKEDW9wslPbEc9RmzMqaOAP/styles__ltr.css without a browsingContextID set
JavaScript error: resource://devtools/server/actors/network-monitor/network-event-actor.js, line 110: Error: Got a request https://a0.muscache.com/airbnb/static/packages/dls/dls-lite_cereal-32f4a55b7a0ed9ca55714ba7265a6c84.css without a browsingContextID set
console.log: WebExtensions: reset-default-search: starting.
console.log: WebExtensions: reset-default-search: No addons in our list are installed.
1640353596003	geckodriver	INFO	Listening on 127.0.0.1:46601
1640353596505	mozrunner::runner	INFO	Running command: "/usr/bin/firefox" "--marionette" "--remote-debugging-port" "46301" "-no-remote" "-profile" "/tmp/rust_mozprofileGT7WTC"
ATTENTION: default value of option mesa_glthread overridden by environment.
ATTENTION: default value of option mesa_glthread overridden by environment.
ATTENTION: default value of option mesa_glthread overridden by environment.
ATTENTION: default value of option mesa_glthread overridden by environment.
1640353597568	Marionette	INFO	Marionette enabled
console.warn: SearchSettings: "get: No settings file exists, new profile?" (new NotFoundError("Could not open the file at /tmp/rust_mozprofileGT7WTC/search.json.mozlz4", (void 0)))
DevTools listening on ws://localhost:46301/devtools/browser/81fba3d6-d3e4-4de9-b7dc-55683ff8cd56
1640353599074	Marionette	INFO	Listening on port 35379
1640353599820	RemoteAgent	WARN	TLS certificate errors will be ignored for this session
JavaScript warning: https://a0.muscache.com/airbnb/static/packages/web/common/frontend/hyperloop-browser/core.752ee206f2.js, line 28: unreachable code after return statement
console.log: WebExtensions: reset-default-search: starting.
console.log: WebExtensions: reset-default-search: No addons in our list are installed.
1640353651417	geckodriver	INFO	Listening on 127.0.0.1:53181
1640353651923	mozrunner::runner	INFO	Running command: "/usr/bin/firefox" "--marionette" "--remote-debugging-port" "42015" "-no-remote" "-profile" "/tmp/rust_mozprofileWcpcL2"
ATTENTION: default value of option mesa_glthread overridden by environment.
ATTENTION: default value of option mesa_glthread overridden by environment.
ATTENTION: default value of option mesa_glthread overridden by environment.
ATTENTION: default value of option mesa_glthread overridden by environment.
1640353652936	Marionette	INFO	Marionette enabled
console.warn: SearchSettings: "get: No settings file exists, new profile?" (new NotFoundError("Could not open the file at /tmp/rust_mozprofileWcpcL2/search.json.mozlz4", (void 0)))
DevTools listening on ws://localhost:42015/devtools/browser/e58e4ba9-ea37-497f-9034-37d4a1d49c27
1640353654921	Marionette	INFO	Listening on port 46225
1640353655425	RemoteAgent	WARN	TLS certificate errors will be ignored for this session
JavaScript warning: https://a0.muscache.com/airbnb/static/packages/web/common/frontend/hyperloop-browser/core.752ee206f2.js, line 28: unreachable code after return statement
console.log: WebExtensions: reset-default-search: starting.
console.log: WebExtensions: reset-default-search: No addons in our list are installed.
console.log: WebExtensions: reset-default-search: starting.
console.log: WebExtensions: reset-default-search: No addons in our list are installed.
console.log: WebExtensions: reset-default-search: starting.
console.log: WebExtensions: reset-default-search: No addons in our list are installed.
console.log: WebExtensions: reset-default-search: starting.
console.log: WebExtensions: reset-default-search: No addons in our list are installed.
1640354792334	Marionette	INFO	Stopped listening on port 35379
console.warn: TopSitesFeed: Failed to fetch data from Contile server: NetworkError when attempting to fetch resource.
1640355112508	geckodriver	INFO	Listening on 127.0.0.1:58767
1640355113010	mozrunner::runner	INFO	Running command: "/usr/bin/firefox" "--marionette" "--remote-debugging-port" "47371" "-no-remote" "-profile" "/tmp/rust_mozprofilehwJXcs"
ATTENTION: default value of option mesa_glthread overridden by environment.
ATTENTION: default value of option mesa_glthread overridden by environment.
ATTENTION: default value of option mesa_glthread overridden by environment.
ATTENTION: default value of option mesa_glthread overridden by environment.
1640355113959	Marionette	INFO	Marionette enabled
console.warn: SearchSettings: "get: No settings file exists, new profile?" (new NotFoundError("Could not open the file at /tmp/rust_mozprofilehwJXcs/search.json.mozlz4", (void 0)))
DevTools listening on ws://localhost:47371/devtools/browser/337daad5-ffdf-45bf-a8d4-b9d5a1f74abc
1640355115340	Marionette	INFO	Listening on port 46085
1640355115436	RemoteAgent	WARN	TLS certificate errors will be ignored for this session
JavaScript warning: https://a0.muscache.com/airbnb/static/packages/web/common/frontend/hyperloop-browser/core.752ee206f2.js, line 28: unreachable code after return statement
1640355151641	geckodriver	INFO	Listening on 127.0.0.1:55121
1640355151650	mozrunner::runner	INFO	Running command: "/usr/bin/firefox" "--marionette" "--remote-debugging-port" "59399" "-no-remote" "-profile" "/tmp/rust_mozprofile5a5ccS"
ATTENTION: default value of option mesa_glthread overridden by environment.
ATTENTION: default value of option mesa_glthread overridden by environment.
ATTENTION: default value of option mesa_glthread overridden by environment.
ATTENTION: default value of option mesa_glthread overridden by environment.
1640355152679	Marionette	INFO	Marionette enabled
console.warn: SearchSettings: "get: No settings file exists, new profile?" (new NotFoundError("Could not open the file at /tmp/rust_mozprofile5a5ccS/search.json.mozlz4", (void 0)))
DevTools listening on ws://localhost:59399/devtools/browser/fab0edfe-8d28-4800-94c5-cce6166c762c
1640355154489	Marionette	INFO	Listening on port 45175
1640355154607	RemoteAgent	WARN	TLS certificate errors will be ignored for this session
JavaScript warning: https://a0.muscache.com/airbnb/static/packages/web/common/frontend/hyperloop-browser/core.752ee206f2.js, line 28: unreachable code after return statement
1640355240625	geckodriver	INFO	Listening on 127.0.0.1:59015
1640355241138	mozrunner::runner	INFO	Running command: "/usr/bin/firefox" "--marionette" "--remote-debugging-port" "49259" "-no-remote" "-profile" "/tmp/rust_mozprofilerenvRP"
ATTENTION: default value of option mesa_glthread overridden by environment.
ATTENTION: default value of option mesa_glthread overridden by environment.
ATTENTION: default value of option mesa_glthread overridden by environment.
ATTENTION: default value of option mesa_glthread overridden by environment.
1640355242346	Marionette	INFO	Marionette enabled
console.warn: SearchSettings: "get: No settings file exists, new profile?" (new NotFoundError("Could not open the file at /tmp/rust_mozprofilerenvRP/search.json.mozlz4", (void 0)))
DevTools listening on ws://localhost:49259/devtools/browser/209507f7-a1d7-4094-93fe-02fbf5dbee66
1640355244220	Marionette	INFO	Listening on port 39677
1640355244259	RemoteAgent	WARN	TLS certificate errors will be ignored for this session
JavaScript warning: https://a0.muscache.com/airbnb/static/packages/web/common/frontend/hyperloop-browser/core.752ee206f2.js, line 28: unreachable code after return statement
1640355523975	addons.xpi	ERROR	System addon update list error Error: Failed downloading XML, status: 0, reason: timeout
1640355562674	addons.xpi	ERROR	System addon update list error Error: Failed downloading XML, status: 0, reason: error
1640355632366	addons.xpi	ERROR	System addon update list error Error: Failed downloading XML, status: 0, reason: error
JavaScript error: , line 0: uncaught exception: Timeout
JavaScript error: , line 0: uncaught exception: Timeout
JavaScript error: , line 0: TypeError: NetworkError when attempting to fetch resource.
JavaScript error: , line 0: uncaught exception: Timeout
JavaScript error: , line 0: uncaught exception: Timeout
JavaScript error: , line 0: uncaught exception: Timeout
JavaScript error: , line 0: uncaught exception: Timeout
JavaScript error: , line 0: uncaught exception: Timeout
JavaScript error: , line 0: uncaught exception: Timeout
1640362216793	Marionette	INFO	Stopped listening on port 39677
console.warn: TopSitesFeed: Failed to fetch data from Contile server: NetworkError when attempting to fetch resource.

###!!! [Child][RunMessage] Error: Channel closing: too late to send/recv, messages will be lost

1640362220048	Marionette	INFO	Stopped listening on port 45175
console.warn: TopSitesFeed: Failed to fetch data from Contile server: NetworkError when attempting to fetch resource.
1640362222004	Marionette	INFO	Stopped listening on port 46085

###!!! [Child][RunMessage] Error: Channel closing: too late to send/recv, messages will be lost

console.warn: TopSitesFeed: Failed to fetch data from Contile server: NetworkError when attempting to fetch resource.
JavaScript error: resource://gre/modules/AsyncShutdown.jsm, line 575: NotFoundError: No such JSWindowActor 'DevToolsFrame'
1640362223950	Marionette	INFO	Stopped listening on port 36731

###!!! [Parent][RunMessage] Error: Channel closing: too late to send/recv, messages will be lost


###!!! [Parent][RunMessage] Error: Channel closing: too late to send/recv, messages will be lost

1640362225964	Marionette	INFO	Stopped listening on port 42955
console.warn: TopSitesFeed: Failed to fetch data from Contile server: NetworkError when attempting to fetch resource.
[Parent 10889, IPC I/O Parent] WARNING: FileDescriptorSet destroyed with unconsumed descriptors: file /build/firefox-BVyW0E/firefox-95.0.1+build2/ipc/chromium/src/chrome/common/file_descriptor_set_posix.cc:19
1640362234052	Marionette	INFO	Stopped listening on port 35455
console.warn: TopSitesFeed: Failed to fetch data from Contile server: NetworkError when attempting to fetch resource.
1640362243957	Marionette	INFO	Stopped listening on port 38251
console.warn: TopSitesFeed: Failed to fetch data from Contile server: NetworkError when attempting to fetch resource.
1640362348957	geckodriver	INFO	Listening on 127.0.0.1:46319
1640362349454	mozrunner::runner	INFO	Running command: "/usr/bin/firefox" "--marionette" "--remote-debugging-port" "55309" "-no-remote" "-profile" "/tmp/rust_mozprofileSWI8Wv"
ATTENTION: default value of option mesa_glthread overridden by environment.
ATTENTION: default value of option mesa_glthread overridden by environment.
ATTENTION: default value of option mesa_glthread overridden by environment.
1640362350401	Marionette	INFO	Marionette enabled
ATTENTION: default value of option mesa_glthread overridden by environment.
console.warn: SearchSettings: "get: No settings file exists, new profile?" (new NotFoundError("Could not open the file at /tmp/rust_mozprofileSWI8Wv/search.json.mozlz4", (void 0)))
DevTools listening on ws://localhost:55309/devtools/browser/88872d2e-3c22-4497-b2bf-d6af4d86e271
1640362351971	Marionette	INFO	Listening on port 46687
1640362352102	RemoteAgent	WARN	TLS certificate errors will be ignored for this session
JavaScript warning: https://a0.muscache.com/airbnb/static/packages/web/common/frontend/hyperloop-browser/core.752ee206f2.js, line 28: unreachable code after return statement
1640362381992	Marionette	INFO	Stopped listening on port 46687
console.warn: TopSitesFeed: Failed to fetch data from Contile server: NetworkError when attempting to fetch resource.
1640362394906	geckodriver	INFO	Listening on 127.0.0.1:53843
1640362395418	mozrunner::runner	INFO	Running command: "/usr/bin/firefox" "--marionette" "--remote-debugging-port" "33409" "-no-remote" "-profile" "/tmp/rust_mozprofileHkmEjs"
ATTENTION: default value of option mesa_glthread overridden by environment.
ATTENTION: default value of option mesa_glthread overridden by environment.
ATTENTION: default value of option mesa_glthread overridden by environment.
ATTENTION: default value of option mesa_glthread overridden by environment.
1640362396279	Marionette	INFO	Marionette enabled
console.warn: SearchSettings: "get: No settings file exists, new profile?" (new NotFoundError("Could not open the file at /tmp/rust_mozprofileHkmEjs/search.json.mozlz4", (void 0)))
DevTools listening on ws://localhost:33409/devtools/browser/176758d3-5750-47e1-90b9-c673b24c9027
1640362397651	Marionette	INFO	Listening on port 36811
1640362397777	RemoteAgent	WARN	TLS certificate errors will be ignored for this session
JavaScript warning: https://a0.muscache.com/airbnb/static/packages/web/common/frontend/hyperloop-browser/core.752ee206f2.js, line 28: unreachable code after return statement
ATTENTION: default value of option mesa_glthread overridden by environment.
JavaScript warning: https://pagead2.googlesyndication.com/bg/U_DPXy_vflqTjVU_YutWJm0axOJE633NQGMGFEhf2s0.js line 1 > eval line 1287 > eval, line 1: WEBGL_debug_renderer_info is deprecated in Firefox and will be removed. Please use RENDERER.
1640362599508	geckodriver	INFO	Listening on 127.0.0.1:54119
1640362599512	mozrunner::runner	INFO	Running command: "/usr/bin/firefox" "--marionette" "--remote-debugging-port" "57679" "-no-remote" "-profile" "/tmp/rust_mozprofileeUDQWZ"
ATTENTION: default value of option mesa_glthread overridden by environment.
ATTENTION: default value of option mesa_glthread overridden by environment.
ATTENTION: default value of option mesa_glthread overridden by environment.
ATTENTION: default value of option mesa_glthread overridden by environment.
1640362600463	Marionette	INFO	Marionette enabled
console.warn: SearchSettings: "get: No settings file exists, new profile?" (new NotFoundError("Could not open the file at /tmp/rust_mozprofileeUDQWZ/search.json.mozlz4", (void 0)))
DevTools listening on ws://localhost:57679/devtools/browser/849de0f6-3c96-4a58-a0ea-a8d1c7ef9574
1640362601908	Marionette	INFO	Listening on port 45233
1640362601945	RemoteAgent	WARN	TLS certificate errors will be ignored for this session
JavaScript warning: https://a0.muscache.com/airbnb/static/packages/web/common/frontend/hyperloop-browser/core.752ee206f2.js, line 28: unreachable code after return statement
JavaScript error: resource://devtools/server/actors/network-monitor/network-event-actor.js, line 110: Error: Got a request https://www.gstatic.com/recaptcha/releases/VZKEDW9wslPbEc9RmzMqaOAP/styles__ltr.css without a browsingContextID set
JavaScript error: resource://devtools/server/actors/network-monitor/network-event-actor.js, line 110: Error: Got a request https://a0.muscache.com/airbnb/static/packages/dls/dls-lite_cereal-32f4a55b7a0ed9ca55714ba7265a6c84.css without a browsingContextID set
JavaScript error: resource://gre/actors/AutoCompleteChild.jsm, line 125: Error: Invalid autocomplete selectedIndex
1640362725585	geckodriver	INFO	Listening on 127.0.0.1:39529
1640362725591	mozrunner::runner	INFO	Running command: "/usr/bin/firefox" "--marionette" "--remote-debugging-port" "37873" "-no-remote" "-profile" "/tmp/rust_mozprofileSptMog"
ATTENTION: default value of option mesa_glthread overridden by environment.
ATTENTION: default value of option mesa_glthread overridden by environment.
ATTENTION: default value of option mesa_glthread overridden by environment.
ATTENTION: default value of option mesa_glthread overridden by environment.
1640362726520	Marionette	INFO	Marionette enabled
console.warn: SearchSettings: "get: No settings file exists, new profile?" (new NotFoundError("Could not open the file at /tmp/rust_mozprofileSptMog/search.json.mozlz4", (void 0)))
DevTools listening on ws://localhost:37873/devtools/browser/7c4587f5-fe75-4f36-a640-75d228124bc7
1640362728119	Marionette	INFO	Listening on port 37345
1640362728230	RemoteAgent	WARN	TLS certificate errors will be ignored for this session
JavaScript warning: https://a0.muscache.com/airbnb/static/packages/web/common/frontend/hyperloop-browser/core.752ee206f2.js, line 28: unreachable code after return statement
1640362763525	Marionette	INFO	Stopped listening on port 37345
console.log: WebExtensions: reset-default-search: starting.
console.log: WebExtensions: reset-default-search: No addons in our list are installed.
1640362876751	Marionette	INFO	Stopped listening on port 45233

###!!! [Child][RunMessage] Error: Channel closing: too late to send/recv, messages will be lost

console.warn: TopSitesFeed: Failed to fetch data from Contile server: NetworkError when attempting to fetch resource.
console.warn: services.settings: main/top-sites sync interrupted by shutdown

###!!! [Parent][RunMessage] Error: Channel closing: too late to send/recv, messages will be lost

JavaScript error: , line 0: TypeError: NetworkError when attempting to fetch resource.
JavaScript error: , line 0: TypeError: NetworkError when attempting to fetch resource.
JavaScript warning: https://jsa.trivago.com/_assets/osp/vAssets/es5/vendors-pricesearch.e411703e8970e4e94c90.js, line 2: Script terminated by timeout at:
o/<@https://jsa.trivago.com/_assets/osp/vAssets/es5/vendors-pricesearch.e411703e8970e4e94c90.js:2:75267
l@https://jsa.trivago.com/_assets/osp/vAssets/es5/vendors-pricesearch.e411703e8970e4e94c90.js:2:76084
a/</l/u<@https://jsa.trivago.com/_assets/osp/vAssets/es5/vendors-pricesearch.e411703e8970e4e94c90.js:2:76042
l@https://jsa.trivago.com/_assets/osp/vAssets/es5/vendors-pricesearch.e411703e8970e4e94c90.js:2:76016
a/</l/u<@https://jsa.trivago.com/_assets/osp/vAssets/es5/vendors-pricesearch.e411703e8970e4e94c90.js:2:76042
l@https://jsa.trivago.com/_assets/osp/vAssets/es5/vendors-pricesearch.e411703e8970e4e94c90.js:2:76016
a/</l/u<@https://jsa.trivago.com/_assets/osp/vAssets/es5/vendors-pricesearch.e411703e8970e4e94c90.js:2:76042
l@https://jsa.trivago.com/_assets/osp/vAssets/es5/vendors-pricesearch.e411703e8970e4e94c90.js:2:76016
de/<@https://jsa.trivago.com/_assets/osp/vAssets/es5/pricesearch.ebbca5cd24b45c9ec192.js:1:233593
xe/</</<@https://jsa.trivago.com/_assets/osp/vAssets/es5/pricesearch.ebbca5cd24b45c9ec192.js:1:235916
xe/</<@https://jsa.trivago.com/_assets/osp/vAssets/es5/pricesearch.ebbca5cd24b45c9ec192.js:1:235887
xe/<@https://jsa.trivago.com/_assets/osp/vAssets/es5/pricesearch.ebbca5cd24b45c9ec192.js:1:235927
Ne</<@https://jsa.trivago.com/_assets/osp/vAssets/es5/pricesearch.ebbca5cd24b45c9ec192.js:1:236017
Be/<@https://jsa.trivago.com/_assets/osp/vAssets/es5/pricesearch.ebbca5cd24b45c9ec192.js:1:236177
Fe/<@https://jsa.trivago.com/_assets/osp/vAssets/es5/pricesearch.ebbca5cd24b45c9ec192.js:1:236335
e.prototype._next@https://jsa.trivago.com/_assets/osp/vAssets/es5/vendors-pricesearch.e411703e8970e4e94c90.js:2:128172
e.prototype.next@https://jsa.trivago.com/_assets/osp/vAssets/es5/vendors-pricesearch.e411703e8970e4e94c90.js:2:93769
e.prototype.next@https://jsa.trivago.com/_assets/osp/vAssets/es5/vendors-pricesearch.e411703e8970e4e94c90.js:2:122593
e/r.__subscription<@https://jsa.trivago.com/_assets/osp/vAssets/es5/vendors-pricesearch.e411703e8970e4e94c90.js:2:760236
e.prototype.__tryOrUnsub@https://jsa.trivago.com/_assets/osp/vAssets/es5/vendors-pricesearch.e411703e8970e4e94c90.js:2:95885
e.prototype.next@https://jsa.trivago.com/_assets/osp/vAssets/es5/vendors-pricesearch.e411703e8970e4e94c90.js:2:95030
e.prototype._next@https://jsa.trivago.com/_assets/osp/vAssets/es5/vendors-pricesearch.e411703e8970e4e94c90.js:2:94098
e.prototype.next@https://jsa.trivago.com/_assets/osp/vAssets/es5/vendors-pricesearch.e411703e8970e4e94c90.js:2:93769
t.prototype.observe@https://jsa.trivago.com/_assets/osp/vAssets/es5/vendors-pricesearch.e411703e8970e4e94c90.js:2:168561
e.dispatch@https://jsa.trivago.com/_assets/osp/vAssets/es5/vendors-pricesearch.e411703e8970e4e94c90.js:2:267744
e.prototype._execute@https://jsa.trivago.com/_assets/osp/vAssets/es5/vendors-pricesearch.e411703e8970e4e94c90.js:2:184999
e.prototype.execute@https://jsa.trivago.com/_assets/osp/vAssets/es5/vendors-pricesearch.e411703e8970e4e94c90.js:2:272775
e.prototype.flush@https://jsa.trivago.com/_assets/osp/vAssets/es5/vendors-pricesearch.e411703e8970e4e94c90.js:2:182755
e.prototype.schedule@https://jsa.trivago.com/_assets/osp/vAssets/es5/vendors-pricesearch.e411703e8970e4e94c90.js:2:272658
t.prototype.schedule@https://jsa.trivago.com/_assets/osp/vAssets/es5/vendors-pricesearch.e411703e8970e4e94c90.js:2:236049
e.prototype.schedule@https://jsa.trivago.com/_assets/osp/vAssets/es5/vendors-pricesearch.e411703e8970e4e94c90.js:2:182627
e.prototype.scheduleMessage@https://jsa.trivago.com/_assets/osp/vAssets/es5/vendors-pricesearch.e411703e8970e4e94c90.js:2:267851
e.prototype._next@https://jsa.trivago.com/_assets/osp/vAssets/es5/vendors-pricesearch.e411703e8970e4e94c90.js:2:267946
e.prototype.next@https://jsa.trivago.com/_assets/osp/vAssets/es5/vendors-pricesearch.e411703e8970e4e94c90.js:2:93769
e.prototype.next@https://jsa.trivago.com/_assets/osp/vAssets/es5/vendors-pricesearch.e411703e8970e4e94c90.js:2:122593
e.prototype.next@https://jsa.trivago.com/_assets/osp/vAssets/es5/vendors-pricesearch.e411703e8970e4e94c90.js:2:123706
y/h/</<@https://jsa.trivago.com/_assets/osp/vAssets/es5/vendors-pricesearch.e411703e8970e4e94c90.js:2:761272
Bi</</<@https://jsa.trivago.com/_assets/osp/vAssets/es5/pricesearch.ebbca5cd24b45c9ec192.js:1:84671
Ei/</<@https://jsa.trivago.com/_assets/osp/vAssets/es5/pricesearch.ebbca5cd24b45c9ec192.js:1:81933
Bi</</<@https://jsa.trivago.com/_assets/osp/vAssets/es5/pricesearch.ebbca5cd24b45c9ec192.js:1:83899
vi/</<@https://jsa.trivago.com/_assets/osp/vAssets/es5/pricesearch.ebbca5cd24b45c9ec192.js:1:80386
e.default/ut/</<@https://jsa.trivago.com/_assets/osp/vAssets/es5/vendors-pricesearch.e411703e8970e4e94c90.js:2:383369
Bi</</<@https://jsa.trivago.com/_assets/osp/vAssets/es5/pricesearch.ebbca5cd24b45c9ec192.js:1:83410
Ti/</<@https://jsa.trivago.com/_assets/osp/vAssets/es5/pricesearch.ebbca5cd24b45c9ec192.js:1:83162
P/</</<@https://jsa.trivago.com/_assets/osp/vAssets/es5/pricesearch.ebbca5cd24b45c9ec192.js:1:378754
ht@https://jsa.trivago.com/_assets/osp/vAssets/es5/vendors-pricesearch.e411703e8970e4e94c90.js:2:384725
tt@https://jsa.trivago.com/_assets/osp/vAssets/es5/vendors-pricesearch.e411703e8970e4e94c90.js:2:382704
UO<@https://jsa.trivago.com/_assets/osp/vAssets/es5/pricesearch.ebbca5cd24b45c9ec192.js:1:225801
@https://jsa.trivago.com/_assets/osp/vAssets/es5/pricesearch.ebbca5cd24b45c9ec192.js:1:225808
b@https://jsa.trivago.com/_assets/osp/vAssets/es5/runtime~pricesearch.bb6eee8e7284a131530a.js:1:571
@https://jsa.trivago.com/_assets/osp/vAssets/es5/pricesearch.ebbca5cd24b45c9ec192.js:1:2062538
b@https://jsa.trivago.com/_assets/osp/vAssets/es5/runtime~pricesearch.bb6eee8e7284a131530a.js:1:571
@https://jsa.trivago.com/_assets/osp/vAssets/es5/pricesearch.ebbca5cd24b45c9ec192.js:1:1871435
b@https://jsa.trivago.com/_assets/osp/vAssets/es5/runtime~pricesearch.bb6eee8e7284a131530a.js:1:571
c@https://jsa.trivago.com/_assets/osp/vAssets/es5/runtime~pricesearch.bb6eee8e7284a131530a.js:1:430
a@https://jsa.trivago.com/_assets/osp/vAssets/es5/runtime~pricesearch.bb6eee8e7284a131530a.js:1:293
@https://jsa.trivago.com/_assets/osp/vAssets/es5/pricesearch.ebbca5cd24b45c9ec192.js:1:47

JavaScript error: https://jsa.trivago.com/_assets/osp/vAssets/es5/vendors-pricesearch.e411703e8970e4e94c90.js, line 2: TypeError: You provided 'undefined' where a stream was expected. You can provide an Observable, Promise, Array, or Iterable.
JavaScript error: https://jsa.trivago.com/_assets/osp/vAssets/es5/runtime~pricesearch.bb6eee8e7284a131530a.js, line 1: Error: Loading CSS chunk 6 failed.
(//jsa.trivago.com/_assets/osp/vAssets/es5/item-page-slideouts-css.d684d3d00864740f7e79.css)
ATTENTION: default value of option mesa_glthread overridden by environment.
JavaScript warning: https://maps.googleapis.com/maps-api-v3/api/js/47/3/webgl.js, line 111: WEBGL_debug_renderer_info is deprecated in Firefox and will be removed. Please use RENDERER.
ATTENTION: default value of option mesa_glthread overridden by environment.
JavaScript warning: https://maps.googleapis.com/maps-api-v3/api/js/47/3/webgl.js, line 129: WebGL warning: texSubImage: Texture has not been initialized prior to a partial upload, forcing the browser to clear it. This may be slow.
JavaScript warning: https://maps.googleapis.com/maps-api-v3/api/js/47/3/webgl.js, line 129: WebGL warning: texSubImage: Tex image TEXTURE_2D level 0 is incurring lazy initialization.
JavaScript warning: https://maps.googleapis.com/maps-api-v3/api/js/47/3/webgl.js, line 129: WebGL warning: texSubImage: Texture has not been initialized prior to a partial upload, forcing the browser to clear it. This may be slow.
JavaScript warning: https://maps.googleapis.com/maps-api-v3/api/js/47/3/webgl.js, line 129: WebGL warning: texSubImage: Tex image TEXTURE_2D level 0 is incurring lazy initialization.
JavaScript warning: https://maps.googleapis.com/maps-api-v3/api/js/47/3/webgl.js, line 129: WebGL warning: texSubImage: Texture has not been initialized prior to a partial upload, forcing the browser to clear it. This may be slow.
JavaScript warning: https://maps.googleapis.com/maps-api-v3/api/js/47/3/webgl.js, line 129: WebGL warning: texSubImage: Tex image TEXTURE_2D level 0 is incurring lazy initialization.
JavaScript warning: https://pagead2.googlesyndication.com/bg/U_DPXy_vflqTjVU_YutWJm0axOJE633NQGMGFEhf2s0.js line 1 > eval line 2738 > eval, line 1: WEBGL_debug_renderer_info is deprecated in Firefox and will be removed. Please use RENDERER.
JavaScript warning: https://maps.googleapis.com/maps-api-v3/api/js/47/3/webgl.js, line 129: WebGL warning: texSubImage: Texture has not been initialized prior to a partial upload, forcing the browser to clear it. This may be slow.
JavaScript warning: https://maps.googleapis.com/maps-api-v3/api/js/47/3/webgl.js, line 129: WebGL warning: texSubImage: Tex image TEXTURE_2D level 0 is incurring lazy initialization.
JavaScript warning: https://maps.googleapis.com/maps-api-v3/api/js/47/3/webgl.js, line 129: WebGL warning: texSubImage: Texture has not been initialized prior to a partial upload, forcing the browser to clear it. This may be slow.
JavaScript warning: https://maps.googleapis.com/maps-api-v3/api/js/47/3/webgl.js, line 129: WebGL warning: texSubImage: Tex image TEXTURE_2D level 0 is incurring lazy initialization.
JavaScript warning: https://maps.googleapis.com/maps-api-v3/api/js/47/3/webgl.js, line 956: WebGL warning: copyTexSubImage: Texture has not been initialized prior to a partial upload, forcing the browser to clear it. This may be slow.
JavaScript warning: https://maps.googleapis.com/maps-api-v3/api/js/47/3/webgl.js, line 956: WebGL warning: copyTexSubImage: Tex image TEXTURE_2D level 0 is incurring lazy initialization.
JavaScript error: , line 0: TypeError: NetworkError when attempting to fetch resource.
JavaScript warning: https://pagead2.googlesyndication.com/bg/U_DPXy_vflqTjVU_YutWJm0axOJE633NQGMGFEhf2s0.js line 1 > eval line 6250 > eval line 1 > eval, line 1: WEBGL_debug_renderer_info is deprecated in Firefox and will be removed. Please use RENDERER.
SourceActor threw an exception: [Exception... "Failed to open input source 'javascript:false'"  nsresult: "0x80040111 (NS_ERROR_NOT_AVAILABLE)"  location: "JS frame :: resource://devtools/shared/DevToolsUtils.js :: mainThreadFetch/< :: line 670"  data: yes]
Stack: mainThreadFetch/<@resource://devtools/shared/DevToolsUtils.js:670:15
mainThreadFetch@resource://devtools/shared/DevToolsUtils.js:516:10
_fetchURLContents@resource://devtools/server/actors/utils/sources-manager.js:442:22
urlContents@resource://devtools/server/actors/utils/sources-manager.js:406:17
_resurrectSource@resource://devtools/server/actors/thread.js:2091:35
addAllSources@resource://devtools/server/actors/thread.js:1446:14
watch@resource://devtools/server/actors/resources/sources.js:52:17
watchResources@resource://devtools/server/actors/resources/index.js:242:19
_watchTargetResources@resource://devtools/server/actors/targets/target-actor-mixin.js:175:24
addSessionDataEntry@resource://devtools/server/actors/targets/target-actor-mixin.js:52:20
_addSessionDataEntry@resource://devtools/server/connectors/js-window-actor/DevToolsFrameChild.jsm:582:24
receiveMessage@resource://devtools/server/connectors/js-window-actor/DevToolsFrameChild.jsm:496:21
Line: 670, column: 0
console.error: ({})
JavaScript error: resource://devtools/shared/DevToolsUtils.js, line 670: NS_ERROR_NOT_AVAILABLE: Failed to open input source 'javascript:false'
JavaScript error: , line 0: TypeError: NetworkError when attempting to fetch resource.
SourceActor threw an exception: [Exception... "Component returned failure code: 0x80470002 (NS_BASE_STREAM_CLOSED) [nsIInputStream.available]"  nsresult: "0x80470002 (NS_BASE_STREAM_CLOSED)"  location: "JS frame :: resource://devtools/shared/DevToolsUtils.js :: onResponse :: line 567"  data: no]
Stack: onResponse@resource://devtools/shared/DevToolsUtils.js:567:34
onStopRequest@resource://gre/modules/NetUtil.jsm:128:18
Line: 567, column: 0
console.error: ({})
JavaScript error: resource://devtools/shared/DevToolsUtils.js, line 567: NS_BASE_STREAM_CLOSED: Component returned failure code: 0x80470002 (NS_BASE_STREAM_CLOSED) [nsIInputStream.available]
console.error: "Unable to find target with innerWindowId:8589934675"
JavaScript error: , line 0: TypeError: NetworkError when attempting to fetch resource.
JavaScript error: , line 0: TypeError: NetworkError when attempting to fetch resource.
JavaScript error: , line 0: TypeError: NetworkError when attempting to fetch resource.
JavaScript error: , line 0: TypeError: NetworkError when attempting to fetch resource.
JavaScript warning: https://maps.googleapis.com/maps-api-v3/api/js/47/3/webgl.js, line 111: WEBGL_debug_renderer_info is deprecated in Firefox and will be removed. Please use RENDERER.
JavaScript warning: https://maps.googleapis.com/maps-api-v3/api/js/47/3/webgl.js, line 129: WebGL warning: texSubImage: Texture has not been initialized prior to a partial upload, forcing the browser to clear it. This may be slow.
JavaScript warning: https://maps.googleapis.com/maps-api-v3/api/js/47/3/webgl.js, line 129: WebGL warning: texSubImage: Tex image TEXTURE_2D level 0 is incurring lazy initialization.
JavaScript warning: https://maps.googleapis.com/maps-api-v3/api/js/47/3/webgl.js, line 129: WebGL warning: texSubImage: Texture has not been initialized prior to a partial upload, forcing the browser to clear it. This may be slow.
JavaScript warning: https://maps.googleapis.com/maps-api-v3/api/js/47/3/webgl.js, line 129: WebGL warning: texSubImage: Tex image TEXTURE_2D level 0 is incurring lazy initialization.
JavaScript warning: https://maps.googleapis.com/maps-api-v3/api/js/47/3/webgl.js, line 129: WebGL warning: texSubImage: Texture has not been initialized prior to a partial upload, forcing the browser to clear it. This may be slow.
JavaScript warning: https://maps.googleapis.com/maps-api-v3/api/js/47/3/webgl.js, line 129: WebGL warning: texSubImage: Tex image TEXTURE_2D level 0 is incurring lazy initialization.
JavaScript warning: https://maps.googleapis.com/maps-api-v3/api/js/47/3/webgl.js, line 129: WebGL warning: texSubImage: Texture has not been initialized prior to a partial upload, forcing the browser to clear it. This may be slow.
JavaScript warning: https://maps.googleapis.com/maps-api-v3/api/js/47/3/webgl.js, line 129: WebGL warning: texSubImage: Tex image TEXTURE_2D level 0 is incurring lazy initialization.
JavaScript warning: https://maps.googleapis.com/maps-api-v3/api/js/47/3/webgl.js, line 129: WebGL warning: texSubImage: Texture has not been initialized prior to a partial upload, forcing the browser to clear it. This may be slow.
JavaScript warning: https://maps.googleapis.com/maps-api-v3/api/js/47/3/webgl.js, line 129: WebGL warning: texSubImage: Tex image TEXTURE_2D level 0 is incurring lazy initialization.
JavaScript warning: https://maps.googleapis.com/maps-api-v3/api/js/47/3/webgl.js, line 956: WebGL warning: copyTexSubImage: Texture has not been initialized prior to a partial upload, forcing the browser to clear it. This may be slow.
JavaScript warning: https://maps.googleapis.com/maps-api-v3/api/js/47/3/webgl.js, line 956: WebGL warning: copyTexSubImage: Tex image TEXTURE_2D level 0 is incurring lazy initialization.
JavaScript warning: https://pagead2.googlesyndication.com/bg/U_DPXy_vflqTjVU_YutWJm0axOJE633NQGMGFEhf2s0.js line 1 > eval line 5639 > eval line 1 > eval, line 1: WEBGL_debug_renderer_info is deprecated in Firefox and will be removed. Please use RENDERER.
JavaScript error: , line 0: TypeError: NetworkError when attempting to fetch resource.
JavaScript error: , line 0: TypeError: NetworkError when attempting to fetch resource.
JavaScript error: , line 0: TypeError: NetworkError when attempting to fetch resource.
JavaScript error: , line 0: TypeError: NetworkError when attempting to fetch resource.
JavaScript error: , line 0: TypeError: NetworkError when attempting to fetch resource.
JavaScript error: , line 0: TypeError: NetworkError when attempting to fetch resource.
JavaScript error: , line 0: TypeError: NetworkError when attempting to fetch resource.
JavaScript error: , line 0: TypeError: NetworkError when attempting to fetch resource.
JavaScript error: , line 0: TypeError: NetworkError when attempting to fetch resource.
JavaScript error: , line 0: TypeError: NetworkError when attempting to fetch resource.
JavaScript error: , line 0: TypeError: NetworkError when attempting to fetch resource.
JavaScript error: , line 0: TypeError: NetworkError when attempting to fetch resource.
JavaScript error: , line 0: TypeError: NetworkError when attempting to fetch resource.
JavaScript error: , line 0: TypeError: NetworkError when attempting to fetch resource.
JavaScript error: , line 0: TypeError: NetworkError when attempting to fetch resource.
JavaScript warning: https://pagead2.googlesyndication.com/bg/U_DPXy_vflqTjVU_YutWJm0axOJE633NQGMGFEhf2s0.js line 1 > eval line 3439 > eval, line 1: WEBGL_debug_renderer_info is deprecated in Firefox and will be removed. Please use RENDERER.
JavaScript warning: https://pagead2.googlesyndication.com/bg/U_DPXy_vflqTjVU_YutWJm0axOJE633NQGMGFEhf2s0.js line 1 > eval line 7296 > eval, line 1: WEBGL_debug_renderer_info is deprecated in Firefox and will be removed. Please use RENDERER.
JavaScript warning: https://pagead2.googlesyndication.com/bg/U_DPXy_vflqTjVU_YutWJm0axOJE633NQGMGFEhf2s0.js line 1 > eval line 3716 > eval line 1 > eval, line 1: WEBGL_debug_renderer_info is deprecated in Firefox and will be removed. Please use RENDERER.
JavaScript warning: https://pagead2.googlesyndication.com/bg/U_DPXy_vflqTjVU_YutWJm0axOJE633NQGMGFEhf2s0.js line 1 > eval line 1272 > eval line 1 > eval, line 1: WEBGL_debug_renderer_info is deprecated in Firefox and will be removed. Please use RENDERER.
JavaScript error: , line 0: uncaught exception: 7
JavaScript error: , line 0: uncaught exception: 7
ATTENTION: default value of option mesa_glthread overridden by environment.
JavaScript warning: https://static.xx.fbcdn.net/rsrc.php/v3i2_p4/y9/l/es_ES/o5XjgaLVgY-.js?_nc_x=Ij3Wp8lg5Kz, line 20: WEBGL_debug_renderer_info is deprecated in Firefox and will be removed. Please use RENDERER.
ATTENTION: default value of option mesa_glthread overridden by environment.
JavaScript warning: https://static.xx.fbcdn.net/rsrc.php/v3i2_p4/y9/l/es_ES/o5XjgaLVgY-.js?_nc_x=Ij3Wp8lg5Kz, line 20: WEBGL_debug_renderer_info is deprecated in Firefox and will be removed. Please use RENDERER.
ATTENTION: default value of option mesa_glthread overridden by environment.
JavaScript warning: https://static.xx.fbcdn.net/rsrc.php/v3i2_p4/y9/l/es_ES/o5XjgaLVgY-.js?_nc_x=Ij3Wp8lg5Kz, line 20: WEBGL_debug_renderer_info is deprecated in Firefox and will be removed. Please use RENDERER.
JavaScript error: , line 0: TypeError: NetworkError when attempting to fetch resource.
JavaScript error: , line 0: TypeError: NetworkError when attempting to fetch resource.
JavaScript error: , line 0: TypeError: NetworkError when attempting to fetch resource.
JavaScript error: , line 0: TypeError: NetworkError when attempting to fetch resource.
JavaScript error: , line 0: TypeError: NetworkError when attempting to fetch resource.
JavaScript error: , line 0: TypeError: NetworkError when attempting to fetch resource.
JavaScript error: , line 0: TypeError: NetworkError when attempting to fetch resource.
JavaScript warning: https://pagead2.googlesyndication.com/bg/U_DPXy_vflqTjVU_YutWJm0axOJE633NQGMGFEhf2s0.js line 1 > eval line 3103 > eval, line 1: WEBGL_debug_renderer_info is deprecated in Firefox and will be removed. Please use RENDERER.
JavaScript warning: https://pagead2.googlesyndication.com/bg/U_DPXy_vflqTjVU_YutWJm0axOJE633NQGMGFEhf2s0.js line 1 > eval line 4080 > eval line 1 > eval, line 1: WEBGL_debug_renderer_info is deprecated in Firefox and will be removed. Please use RENDERER.
JavaScript warning: https://pagead2.googlesyndication.com/bg/U_DPXy_vflqTjVU_YutWJm0axOJE633NQGMGFEhf2s0.js line 1 > eval line 7324 > eval line 1 > eval, line 1: WEBGL_debug_renderer_info is deprecated in Firefox and will be removed. Please use RENDERER.
JavaScript warning: https://pagead2.googlesyndication.com/bg/U_DPXy_vflqTjVU_YutWJm0axOJE633NQGMGFEhf2s0.js line 1 > eval line 1731 > eval line 1 > eval, line 1: WEBGL_debug_renderer_info is deprecated in Firefox and will be removed. Please use RENDERER.
JavaScript error: , line 0: uncaught exception: 7
SourceActor threw an exception: [Exception... "Failed to open input source 'javascript:false'"  nsresult: "0x80040111 (NS_ERROR_NOT_AVAILABLE)"  location: "JS frame :: resource://devtools/shared/DevToolsUtils.js :: mainThreadFetch/< :: line 670"  data: yes]
Stack: mainThreadFetch/<@resource://devtools/shared/DevToolsUtils.js:670:15
mainThreadFetch@resource://devtools/shared/DevToolsUtils.js:516:10
_fetchURLContents@resource://devtools/server/actors/utils/sources-manager.js:442:22
urlContents@resource://devtools/server/actors/utils/sources-manager.js:406:17
_resurrectSource@resource://devtools/server/actors/thread.js:2091:35
addAllSources@resource://devtools/server/actors/thread.js:1446:14
watch@resource://devtools/server/actors/resources/sources.js:52:17
watchResources@resource://devtools/server/actors/resources/index.js:242:19
_watchTargetResources@resource://devtools/server/actors/targets/target-actor-mixin.js:175:24
addSessionDataEntry@resource://devtools/server/actors/targets/target-actor-mixin.js:52:20
_addSessionDataEntry@resource://devtools/server/connectors/js-window-actor/DevToolsFrameChild.jsm:582:24
receiveMessage@resource://devtools/server/connectors/js-window-actor/DevToolsFrameChild.jsm:496:21
Line: 670, column: 0
console.error: ({})
JavaScript error: resource://devtools/shared/DevToolsUtils.js, line 670: NS_ERROR_NOT_AVAILABLE: Failed to open input source 'javascript:false'
JavaScript warning: https://maps.googleapis.com/maps-api-v3/api/js/47/3/webgl.js, line 111: WEBGL_debug_renderer_info is deprecated in Firefox and will be removed. Please use RENDERER.
JavaScript warning: https://maps.googleapis.com/maps-api-v3/api/js/47/3/webgl.js, line 129: WebGL warning: texSubImage: Texture has not been initialized prior to a partial upload, forcing the browser to clear it. This may be slow.
JavaScript warning: https://maps.googleapis.com/maps-api-v3/api/js/47/3/webgl.js, line 129: WebGL warning: texSubImage: Tex image TEXTURE_2D level 0 is incurring lazy initialization.
JavaScript warning: https://maps.googleapis.com/maps-api-v3/api/js/47/3/webgl.js, line 129: WebGL warning: texSubImage: Texture has not been initialized prior to a partial upload, forcing the browser to clear it. This may be slow.
JavaScript warning: https://maps.googleapis.com/maps-api-v3/api/js/47/3/webgl.js, line 129: WebGL warning: texSubImage: Tex image TEXTURE_2D level 0 is incurring lazy initialization.
JavaScript warning: https://maps.googleapis.com/maps-api-v3/api/js/47/3/webgl.js, line 129: WebGL warning: texSubImage: Texture has not been initialized prior to a partial upload, forcing the browser to clear it. This may be slow.
JavaScript warning: https://maps.googleapis.com/maps-api-v3/api/js/47/3/webgl.js, line 129: WebGL warning: texSubImage: Tex image TEXTURE_2D level 0 is incurring lazy initialization.
JavaScript warning: https://maps.googleapis.com/maps-api-v3/api/js/47/3/webgl.js, line 129: WebGL warning: texSubImage: Texture has not been initialized prior to a partial upload, forcing the browser to clear it. This may be slow.
JavaScript warning: https://maps.googleapis.com/maps-api-v3/api/js/47/3/webgl.js, line 129: WebGL warning: texSubImage: Tex image TEXTURE_2D level 0 is incurring lazy initialization.
JavaScript warning: https://maps.googleapis.com/maps-api-v3/api/js/47/3/webgl.js, line 129: WebGL warning: texSubImage: Texture has not been initialized prior to a partial upload, forcing the browser to clear it. This may be slow.
JavaScript warning: https://maps.googleapis.com/maps-api-v3/api/js/47/3/webgl.js, line 129: WebGL warning: texSubImage: Tex image TEXTURE_2D level 0 is incurring lazy initialization.
JavaScript warning: https://maps.googleapis.com/maps-api-v3/api/js/47/3/webgl.js, line 750: WebGL warning: drawArraysInstanced: Tex image TEXTURE_2D level 0 is incurring lazy initialization.
JavaScript warning: https://maps.googleapis.com/maps-api-v3/api/js/47/3/webgl.js, line 956: WebGL warning: copyTexSubImage: Texture has not been initialized prior to a partial upload, forcing the browser to clear it. This may be slow.
JavaScript warning: https://maps.googleapis.com/maps-api-v3/api/js/47/3/webgl.js, line 956: WebGL warning: copyTexSubImage: Tex image TEXTURE_2D level 0 is incurring lazy initialization.
JavaScript warning: https://maps.googleapis.com/maps-api-v3/api/js/47/3/webgl.js, line 111: WEBGL_debug_renderer_info is deprecated in Firefox and will be removed. Please use RENDERER.
JavaScript warning: https://maps.googleapis.com/maps-api-v3/api/js/47/3/webgl.js, line 129: WebGL warning: texSubImage: Texture has not been initialized prior to a partial upload, forcing the browser to clear it. This may be slow.
JavaScript warning: https://maps.googleapis.com/maps-api-v3/api/js/47/3/webgl.js, line 129: WebGL warning: texSubImage: Tex image TEXTURE_2D level 0 is incurring lazy initialization.
JavaScript warning: https://maps.googleapis.com/maps-api-v3/api/js/47/3/webgl.js, line 129: WebGL warning: texSubImage: Texture has not been initialized prior to a partial upload, forcing the browser to clear it. This may be slow.
JavaScript warning: https://maps.googleapis.com/maps-api-v3/api/js/47/3/webgl.js, line 129: WebGL warning: texSubImage: Tex image TEXTURE_2D level 0 is incurring lazy initialization.
JavaScript warning: https://maps.googleapis.com/maps-api-v3/api/js/47/3/webgl.js, line 956: WebGL warning: copyTexSubImage: Texture has not been initialized prior to a partial upload, forcing the browser to clear it. This may be slow.
JavaScript warning: https://maps.googleapis.com/maps-api-v3/api/js/47/3/webgl.js, line 956: WebGL warning: copyTexSubImage: Tex image TEXTURE_2D level 0 is incurring lazy initialization.
JavaScript warning: https://maps.googleapis.com/maps-api-v3/api/js/47/3/webgl.js, line 129: WebGL warning: texSubImage: Texture has not been initialized prior to a partial upload, forcing the browser to clear it. This may be slow.
JavaScript warning: https://maps.googleapis.com/maps-api-v3/api/js/47/3/webgl.js, line 129: WebGL warning: texSubImage: Tex image TEXTURE_2D level 0 is incurring lazy initialization.
JavaScript warning: https://maps.googleapis.com/maps-api-v3/api/js/47/3/webgl.js, line 129: WebGL warning: texSubImage: Texture has not been initialized prior to a partial upload, forcing the browser to clear it. This may be slow.
JavaScript warning: https://maps.googleapis.com/maps-api-v3/api/js/47/3/webgl.js, line 129: WebGL warning: texSubImage: Tex image TEXTURE_2D level 0 is incurring lazy initialization.
JavaScript warning: https://maps.googleapis.com/maps-api-v3/api/js/47/3/webgl.js, line 129: WebGL warning: texSubImage: Texture has not been initialized prior to a partial upload, forcing the browser to clear it. This may be slow.
JavaScript warning: https://maps.googleapis.com/maps-api-v3/api/js/47/3/webgl.js, line 129: WebGL warning: texSubImage: Tex image TEXTURE_2D level 0 is incurring lazy initialization.
JavaScript warning: https://maps.googleapis.com/maps-api-v3/api/js/47/3/webgl.js, line 111: WEBGL_debug_renderer_info is deprecated in Firefox and will be removed. Please use RENDERER.
JavaScript warning: https://maps.googleapis.com/maps-api-v3/api/js/47/3/webgl.js, line 129: WebGL warning: texSubImage: Texture has not been initialized prior to a partial upload, forcing the browser to clear it. This may be slow.
JavaScript warning: https://maps.googleapis.com/maps-api-v3/api/js/47/3/webgl.js, line 129: WebGL warning: texSubImage: Tex image TEXTURE_2D level 0 is incurring lazy initialization.
JavaScript warning: https://maps.googleapis.com/maps-api-v3/api/js/47/3/webgl.js, line 129: WebGL warning: texSubImage: Texture has not been initialized prior to a partial upload, forcing the browser to clear it. This may be slow.
JavaScript warning: https://maps.googleapis.com/maps-api-v3/api/js/47/3/webgl.js, line 129: WebGL warning: texSubImage: Tex image TEXTURE_2D level 0 is incurring lazy initialization.
JavaScript warning: https://maps.googleapis.com/maps-api-v3/api/js/47/3/webgl.js, line 129: WebGL warning: texSubImage: Texture has not been initialized prior to a partial upload, forcing the browser to clear it. This may be slow.
JavaScript warning: https://maps.googleapis.com/maps-api-v3/api/js/47/3/webgl.js, line 129: WebGL warning: texSubImage: Tex image TEXTURE_2D level 0 is incurring lazy initialization.
JavaScript warning: https://maps.googleapis.com/maps-api-v3/api/js/47/3/webgl.js, line 129: WebGL warning: texSubImage: Texture has not been initialized prior to a partial upload, forcing the browser to clear it. This may be slow.
JavaScript warning: https://maps.googleapis.com/maps-api-v3/api/js/47/3/webgl.js, line 129: WebGL warning: texSubImage: Tex image TEXTURE_2D level 0 is incurring lazy initialization.
JavaScript warning: https://maps.googleapis.com/maps-api-v3/api/js/47/3/webgl.js, line 129: WebGL warning: texSubImage: Texture has not been initialized prior to a partial upload, forcing the browser to clear it. This may be slow.
JavaScript warning: https://maps.googleapis.com/maps-api-v3/api/js/47/3/webgl.js, line 129: WebGL warning: texSubImage: Tex image TEXTURE_2D level 0 is incurring lazy initialization.
JavaScript warning: https://maps.googleapis.com/maps-api-v3/api/js/47/3/webgl.js, line 750: WebGL warning: drawArraysInstanced: Tex image TEXTURE_2D level 0 is incurring lazy initialization.
JavaScript warning: https://maps.googleapis.com/maps-api-v3/api/js/47/3/webgl.js, line 956: WebGL warning: copyTexSubImage: Texture has not been initialized prior to a partial upload, forcing the browser to clear it. This may be slow.
JavaScript warning: https://maps.googleapis.com/maps-api-v3/api/js/47/3/webgl.js, line 956: WebGL warning: copyTexSubImage: Tex image TEXTURE_2D level 0 is incurring lazy initialization.
1640369581622	geckodriver	INFO	Listening on 127.0.0.1:33607
1640369581626	mozrunner::runner	INFO	Running command: "/usr/bin/firefox" "--marionette" "--remote-debugging-port" "39125" "-no-remote" "-profile" "/tmp/rust_mozprofilehxystb"
ATTENTION: default value of option mesa_glthread overridden by environment.
ATTENTION: default value of option mesa_glthread overridden by environment.
ATTENTION: default value of option mesa_glthread overridden by environment.
ATTENTION: default value of option mesa_glthread overridden by environment.
1640369582499	Marionette	INFO	Marionette enabled
console.warn: SearchSettings: "get: No settings file exists, new profile?" (new NotFoundError("Could not open the file at /tmp/rust_mozprofilehxystb/search.json.mozlz4", (void 0)))
DevTools listening on ws://localhost:39125/devtools/browser/488cb6d3-0115-4e41-b5ce-0ee19b442950
1640369583870	Marionette	INFO	Listening on port 36989
1640369583948	RemoteAgent	WARN	TLS certificate errors will be ignored for this session
ATTENTION: default value of option mesa_glthread overridden by environment.
JavaScript warning: https://pagead2.googlesyndication.com/bg/U_DPXy_vflqTjVU_YutWJm0axOJE633NQGMGFEhf2s0.js line 1 > eval line 4306 > eval, line 1: WEBGL_debug_renderer_info is deprecated in Firefox and will be removed. Please use RENDERER.
JavaScript warning: https://pagead2.googlesyndication.com/bg/U_DPXy_vflqTjVU_YutWJm0axOJE633NQGMGFEhf2s0.js line 1 > eval line 5482 > eval line 1 > eval, line 1: WEBGL_debug_renderer_info is deprecated in Firefox and will be removed. Please use RENDERER.
1640369703667	Marionette	INFO	Stopped listening on port 36989
JavaScript error: , line 0: TypeError: NetworkError when attempting to fetch resource.
JavaScript error: , line 0: TypeError: NetworkError when attempting to fetch resource.
JavaScript error: , line 0: TypeError: NetworkError when attempting to fetch resource.
JavaScript error: , line 0: TypeError: NetworkError when attempting to fetch resource.
JavaScript error: , line 0: TypeError: NetworkError when attempting to fetch resource.
JavaScript error: , line 0: TypeError: NetworkError when attempting to fetch resource.
console.warn: TopSitesFeed: Failed to fetch data from Contile server: NetworkError when attempting to fetch resource.

###!!! [Parent][RunMessage] Error: Channel closing: too late to send/recv, messages will be lost

1640369711734	geckodriver	INFO	Listening on 127.0.0.1:37119
1640369711745	mozrunner::runner	INFO	Running command: "/usr/bin/firefox" "--marionette" "--remote-debugging-port" "47053" "-no-remote" "-profile" "/tmp/rust_mozprofileA2QApn"
ATTENTION: default value of option mesa_glthread overridden by environment.
ATTENTION: default value of option mesa_glthread overridden by environment.
ATTENTION: default value of option mesa_glthread overridden by environment.
1640369712859	Marionette	INFO	Marionette enabled
ATTENTION: default value of option mesa_glthread overridden by environment.
console.warn: SearchSettings: "get: No settings file exists, new profile?" (new NotFoundError("Could not open the file at /tmp/rust_mozprofileA2QApn/search.json.mozlz4", (void 0)))
DevTools listening on ws://localhost:47053/devtools/browser/c9b0c4b0-7fdf-49be-b381-5fd3db162f82
1640369714520	Marionette	INFO	Listening on port 34923
1640369714576	RemoteAgent	WARN	TLS certificate errors will be ignored for this session
ATTENTION: default value of option mesa_glthread overridden by environment.
JavaScript warning: https://pagead2.googlesyndication.com/bg/U_DPXy_vflqTjVU_YutWJm0axOJE633NQGMGFEhf2s0.js line 1 > eval line 7414 > eval line 1 > eval, line 1: WEBGL_debug_renderer_info is deprecated in Firefox and will be removed. Please use RENDERER.
1640369856746	Marionette	INFO	Stopped listening on port 34923
1640369856765	geckodriver	INFO	Listening on 127.0.0.1:43815
JavaScript error: , line 0: TypeError: NetworkError when attempting to fetch resource.
JavaScript error: , line 0: TypeError: NetworkError when attempting to fetch resource.
console.warn: TopSitesFeed: Failed to fetch data from Contile server: NetworkError when attempting to fetch resource.
1640369857283	mozrunner::runner	INFO	Running command: "/usr/bin/firefox" "--marionette" "--remote-debugging-port" "52773" "-no-remote" "-profile" "/tmp/rust_mozprofile8P6bJy"
ATTENTION: default value of option mesa_glthread overridden by environment.
ATTENTION: default value of option mesa_glthread overridden by environment.
ATTENTION: default value of option mesa_glthread overridden by environment.
ATTENTION: default value of option mesa_glthread overridden by environment.
1640369858240	Marionette	INFO	Marionette enabled
console.warn: SearchSettings: "get: No settings file exists, new profile?" (new NotFoundError("Could not open the file at /tmp/rust_mozprofile8P6bJy/search.json.mozlz4", (void 0)))
DevTools listening on ws://localhost:52773/devtools/browser/c1013832-2371-475b-aa42-66ee040ef475
1640369859536	Marionette	INFO	Listening on port 43119
1640369859623	RemoteAgent	WARN	TLS certificate errors will be ignored for this session
ATTENTION: default value of option mesa_glthread overridden by environment.
JavaScript warning: https://pagead2.googlesyndication.com/bg/U_DPXy_vflqTjVU_YutWJm0axOJE633NQGMGFEhf2s0.js line 1 > eval line 4106 > eval line 1 > eval, line 1: WEBGL_debug_renderer_info is deprecated in Firefox and will be removed. Please use RENDERER.
JavaScript warning: https://pagead2.googlesyndication.com/bg/U_DPXy_vflqTjVU_YutWJm0axOJE633NQGMGFEhf2s0.js line 1 > eval line 5928 > eval, line 1: WEBGL_debug_renderer_info is deprecated in Firefox and will be removed. Please use RENDERER.
1640369889076	Marionette	INFO	Stopped listening on port 43119
JavaScript error: , line 0: TypeError: NetworkError when attempting to fetch resource.
JavaScript error: , line 0: TypeError: NetworkError when attempting to fetch resource.
JavaScript error: , line 0: TypeError: NetworkError when attempting to fetch resource.
JavaScript error: , line 0: TypeError: NetworkError when attempting to fetch resource.
console.warn: TopSitesFeed: Failed to fetch data from Contile server: NetworkError when attempting to fetch resource.
JavaScript error: resource://gre/modules/AsyncShutdown.jsm, line 575: NotFoundError: No such JSWindowActor 'DevToolsFrame'
JavaScript error: resource://gre/modules/AsyncShutdown.jsm, line 575: NotFoundError: No such JSWindowActor 'DevToolsFrame'
JavaScript error: resource://gre/modules/AsyncShutdown.jsm, line 575: NotFoundError: No such JSWindowActor 'DevToolsFrame'
1640370660431	Marionette	INFO	Stopped listening on port 36811
JavaScript error: , line 0: TypeError: NetworkError when attempting to fetch resource.
JavaScript error: , line 0: TypeError: NetworkError when attempting to fetch resource.
JavaScript error: , line 0: TypeError: NetworkError when attempting to fetch resource.
JavaScript error: , line 0: TypeError: NetworkError when attempting to fetch resource.
JavaScript error: , line 0: TypeError: NetworkError when attempting to fetch resource.
JavaScript error: , line 0: TypeError: NetworkError when attempting to fetch resource.
JavaScript error: , line 0: TypeError: NetworkError when attempting to fetch resource.
JavaScript error: , line 0: TypeError: NetworkError when attempting to fetch resource.
console.warn: TopSitesFeed: Failed to fetch data from Contile server: NetworkError when attempting to fetch resource.

###!!! [Parent][RunMessage] Error: Channel closing: too late to send/recv, messages will be lost

ATTENTION: default value of option mesa_glthread overridden by environment.
ATTENTION: default value of option mesa_glthread overridden by environment.
ATTENTION: default value of option mesa_glthread overridden by environment.
JavaScript warning: https://static.xx.fbcdn.net/rsrc.php/v3iqES4/yZ/l/en_US/o5XjgaLVgY-.js?_nc_x=Ij3Wp8lg5Kz, line 20: WEBGL_debug_renderer_info is deprecated in Firefox and will be removed. Please use RENDERER.
ATTENTION: default value of option mesa_glthread overridden by environment.
JavaScript warning: https://static.xx.fbcdn.net/rsrc.php/v3iqES4/yZ/l/en_US/o5XjgaLVgY-.js?_nc_x=Ij3Wp8lg5Kz, line 20: WEBGL_debug_renderer_info is deprecated in Firefox and will be removed. Please use RENDERER.
ATTENTION: default value of option mesa_glthread overridden by environment.
JavaScript warning: https://static.xx.fbcdn.net/rsrc.php/v3iqES4/yZ/l/en_US/o5XjgaLVgY-.js?_nc_x=Ij3Wp8lg5Kz, line 20: WEBGL_debug_renderer_info is deprecated in Firefox and will be removed. Please use RENDERER.
ATTENTION: default value of option mesa_glthread overridden by environment.
JavaScript warning: https://static.xx.fbcdn.net/rsrc.php/v3iRP_4/y1/l/en_US/GaJjjEqYD4T.js?_nc_x=59UCSvnEAnx, line 170: WEBGL_debug_renderer_info is deprecated in Firefox and will be removed. Please use RENDERER.
ATTENTION: default value of option mesa_glthread overridden by environment.
JavaScript warning: https://pagead2.googlesyndication.com/bg/U_DPXy_vflqTjVU_YutWJm0axOJE633NQGMGFEhf2s0.js line 1 > eval line 7233 > eval, line 1: WEBGL_debug_renderer_info is deprecated in Firefox and will be removed. Please use RENDERER.
ATTENTION: default value of option mesa_glthread overridden by environment.
JavaScript warning: https://pagead2.googlesyndication.com/bg/U_DPXy_vflqTjVU_YutWJm0axOJE633NQGMGFEhf2s0.js line 1 > eval line 7713 > eval, line 1: WEBGL_debug_renderer_info is deprecated in Firefox and will be removed. Please use RENDERER.
SourceActor threw an exception: [Exception... "Component returned failure code: 0x80470002 (NS_BASE_STREAM_CLOSED) [nsIInputStream.available]"  nsresult: "0x80470002 (NS_BASE_STREAM_CLOSED)"  location: "JS frame :: resource://devtools/shared/DevToolsUtils.js :: onResponse :: line 567"  data: no]
Stack: onResponse@resource://devtools/shared/DevToolsUtils.js:567:34
onStopRequest@resource://gre/modules/NetUtil.jsm:128:18
Line: 567, column: 0
console.error: ({})
JavaScript error: resource://devtools/shared/DevToolsUtils.js, line 567: NS_BASE_STREAM_CLOSED: Component returned failure code: 0x80470002 (NS_BASE_STREAM_CLOSED) [nsIInputStream.available]
ATTENTION: default value of option mesa_glthread overridden by environment.
JavaScript warning: https://pagead2.googlesyndication.com/bg/U_DPXy_vflqTjVU_YutWJm0axOJE633NQGMGFEhf2s0.js line 1 > eval line 3861 > eval, line 1: WEBGL_debug_renderer_info is deprecated in Firefox and will be removed. Please use RENDERER.
JavaScript warning: https://pagead2.googlesyndication.com/bg/U_DPXy_vflqTjVU_YutWJm0axOJE633NQGMGFEhf2s0.js line 1 > eval line 2388 > eval, line 1: WEBGL_debug_renderer_info is deprecated in Firefox and will be removed. Please use RENDERER.
JavaScript error: , line 0: TypeError: NetworkError when attempting to fetch resource.
JavaScript error: , line 0: TypeError: NetworkError when attempting to fetch resource.
JavaScript error: , line 0: TypeError: NetworkError when attempting to fetch resource.
ATTENTION: default value of option mesa_glthread overridden by environment.
JavaScript warning: https://pagead2.googlesyndication.com/bg/U_DPXy_vflqTjVU_YutWJm0axOJE633NQGMGFEhf2s0.js line 1 > eval line 4560 > eval, line 1: WEBGL_debug_renderer_info is deprecated in Firefox and will be removed. Please use RENDERER.
JavaScript warning: https://pagead2.googlesyndication.com/bg/U_DPXy_vflqTjVU_YutWJm0axOJE633NQGMGFEhf2s0.js line 1 > eval line 4257 > eval, line 1: WEBGL_debug_renderer_info is deprecated in Firefox and will be removed. Please use RENDERER.
1640372547201	geckodriver	INFO	Listening on 127.0.0.1:39953
1640372547207	mozrunner::runner	INFO	Running command: "/usr/bin/firefox" "--marionette" "--remote-debugging-port" "43039" "-no-remote" "-profile" "/tmp/rust_mozprofile7Ifmmb"
ATTENTION: default value of option mesa_glthread overridden by environment.
ATTENTION: default value of option mesa_glthread overridden by environment.
ATTENTION: default value of option mesa_glthread overridden by environment.
ATTENTION: default value of option mesa_glthread overridden by environment.
1640372548055	Marionette	INFO	Marionette enabled
console.warn: SearchSettings: "get: No settings file exists, new profile?" (new NotFoundError("Could not open the file at /tmp/rust_mozprofile7Ifmmb/search.json.mozlz4", (void 0)))
DevTools listening on ws://localhost:43039/devtools/browser/c9121aba-df86-468c-85e1-0251d061b2b4
1640372549272	Marionette	INFO	Listening on port 40399
1640372549328	RemoteAgent	WARN	TLS certificate errors will be ignored for this session
1640372552651	Marionette	INFO	Stopped listening on port 40399
console.warn: TopSitesFeed: Failed to fetch data from Contile server: NetworkError when attempting to fetch resource.
1640372848079	geckodriver	INFO	Listening on 127.0.0.1:58725
1640372848092	mozrunner::runner	INFO	Running command: "/usr/bin/firefox" "--marionette" "--remote-debugging-port" "49429" "-no-remote" "-profile" "/tmp/rust_mozprofile6Iuydk"
ATTENTION: default value of option mesa_glthread overridden by environment.
ATTENTION: default value of option mesa_glthread overridden by environment.
ATTENTION: default value of option mesa_glthread overridden by environment.
ATTENTION: default value of option mesa_glthread overridden by environment.
1640372849012	Marionette	INFO	Marionette enabled
console.warn: SearchSettings: "get: No settings file exists, new profile?" (new NotFoundError("Could not open the file at /tmp/rust_mozprofile6Iuydk/search.json.mozlz4", (void 0)))
DevTools listening on ws://localhost:49429/devtools/browser/5dcc3e63-a094-4cab-8436-c1ed0a9b9885
1640372850410	Marionette	INFO	Listening on port 36337
1640372850540	RemoteAgent	WARN	TLS certificate errors will be ignored for this session
JavaScript warning: https://a0.muscache.com/airbnb/static/packages/web/common/frontend/hyperloop-browser/core.752ee206f2.js, line 28: unreachable code after return statement
console.error: Region.jsm: "Error fetching region" (new Error("TIMEOUT", "resource://gre/modules/Region.jsm", 772))
console.error: Region.jsm: "Failed to fetch region" (new Error("TIMEOUT", "resource://gre/modules/Region.jsm", 419))
IPDL protocol error: Handler returned error code!

###!!! [Parent][DispatchAsyncMessage] Error: PMessagePort::Msg_PostMessages Processing error: message was deserialized, but the handler returned false (indicating failure)

ATTENTION: default value of option mesa_glthread overridden by environment.
JavaScript warning: https://pagead2.googlesyndication.com/bg/U_DPXy_vflqTjVU_YutWJm0axOJE633NQGMGFEhf2s0.js line 1 > eval line 4645 > eval, line 1: WEBGL_debug_renderer_info is deprecated in Firefox and will be removed. Please use RENDERER.
JavaScript warning: https://pagead2.googlesyndication.com/bg/U_DPXy_vflqTjVU_YutWJm0axOJE633NQGMGFEhf2s0.js line 1 > eval line 1994 > eval line 1 > eval, line 1: WEBGL_debug_renderer_info is deprecated in Firefox and will be removed. Please use RENDERER.
1640372987901	geckodriver	INFO	Listening on 127.0.0.1:52023
1640372987912	mozrunner::runner	INFO	Running command: "/usr/bin/firefox" "--marionette" "--remote-debugging-port" "58559" "-no-remote" "-profile" "/tmp/rust_mozprofileoEjYR9"
ATTENTION: default value of option mesa_glthread overridden by environment.
ATTENTION: default value of option mesa_glthread overridden by environment.
ATTENTION: default value of option mesa_glthread overridden by environment.
ATTENTION: default value of option mesa_glthread overridden by environment.
1640372988826	Marionette	INFO	Marionette enabled
console.warn: SearchSettings: "get: No settings file exists, new profile?" (new NotFoundError("Could not open the file at /tmp/rust_mozprofileoEjYR9/search.json.mozlz4", (void 0)))
DevTools listening on ws://localhost:58559/devtools/browser/3bde5317-6bba-41b9-86c5-eb7960a6ed63
1640372990356	Marionette	INFO	Listening on port 40845
1640372990434	RemoteAgent	WARN	TLS certificate errors will be ignored for this session
JavaScript warning: https://a0.muscache.com/airbnb/static/packages/web/common/frontend/hyperloop-browser/core.752ee206f2.js, line 28: unreachable code after return statement
ATTENTION: default value of option mesa_glthread overridden by environment.
JavaScript warning: https://pagead2.googlesyndication.com/bg/U_DPXy_vflqTjVU_YutWJm0axOJE633NQGMGFEhf2s0.js line 1 > eval line 7485 > eval line 1 > eval, line 1: WEBGL_debug_renderer_info is deprecated in Firefox and will be removed. Please use RENDERER.
ATTENTION: default value of option mesa_glthread overridden by environment.
JavaScript warning: https://pagead2.googlesyndication.com/bg/U_DPXy_vflqTjVU_YutWJm0axOJE633NQGMGFEhf2s0.js line 1 > eval line 3948 > eval, line 1: WEBGL_debug_renderer_info is deprecated in Firefox and will be removed. Please use RENDERER.
1640373041696	Marionette	INFO	Stopped listening on port 36337
JavaScript error: , line 0: TypeError: NetworkError when attempting to fetch resource.
JavaScript error: , line 0: TypeError: NetworkError when attempting to fetch resource.
JavaScript error: , line 0: TypeError: NetworkError when attempting to fetch resource.
JavaScript error: , line 0: TypeError: NetworkError when attempting to fetch resource.
JavaScript error: , line 0: TypeError: NetworkError when attempting to fetch resource.
console.warn: TopSitesFeed: Failed to fetch data from Contile server: NetworkError when attempting to fetch resource.

###!!! [Parent][RunMessage] Error: Channel closing: too late to send/recv, messages will be lost

